<?xml version="1.0" encoding="UTF-8"?>
<testsuite name="edu.msd.ApplicationTest" tests="7" skipped="0" failures="0" errors="0" timestamp="2024-10-25T03:55:26" hostname="Yijun-Zhan-MacBook-Pro.local" time="0.561">
  <properties/>
  <testcase name="testGetBooks" classname="edu.msd.ApplicationTest" time="0.504"/>
  <testcase name="testRoot" classname="edu.msd.ApplicationTest" time="0.007"/>
  <testcase name="testGetAllPosts" classname="edu.msd.ApplicationTest" time="0.013"/>
  <testcase name="testGetPostsSince" classname="edu.msd.ApplicationTest" time="0.01"/>
  <testcase name="testCreatePost" classname="edu.msd.ApplicationTest" time="0.005"/>
  <testcase name="testDeletePost" classname="edu.msd.ApplicationTest" time="0.008"/>
  <testcase name="testPostLikeBook" classname="edu.msd.ApplicationTest" time="0.014"/>
  <system-out><![CDATA[2024-10-24 21:55:26.411 [Test worker] DEBUG Exposed - SELECT SETTING_VALUE FROM INFORMATION_SCHEMA.SETTINGS WHERE SETTING_NAME = 'MODE'
2024-10-24 21:55:26.415 [Test worker] WARN  Exposed - Keyword identifier used: 'User'. Case sensitivity may not be kept when quoted by default: 'USER'. To keep case sensitivity, opt-in and set 'preserveKeywordCasing' to true in DatabaseConfig block.
2024-10-24 21:55:26.417 [Test worker] WARN  Exposed - Keyword identifier used: 'timestamp'. Case sensitivity may not be kept when quoted by default: 'TIMESTAMP'. To keep case sensitivity, opt-in and set 'preserveKeywordCasing' to true in DatabaseConfig block.
2024-10-24 21:55:26.421 [Test worker] DEBUG Exposed - CREATE TABLE IF NOT EXISTS "USER" (ID INT AUTO_INCREMENT PRIMARY KEY)
2024-10-24 21:55:26.422 [Test worker] DEBUG Exposed - CREATE TABLE IF NOT EXISTS BOOK (ID INT AUTO_INCREMENT PRIMARY KEY, TITLE VARCHAR(100) NOT NULL)
2024-10-24 21:55:26.423 [Test worker] DEBUG Exposed - ALTER TABLE BOOK ADD CONSTRAINT BOOK_TITLE_UNIQUE UNIQUE (TITLE)
2024-10-24 21:55:26.426 [Test worker] DEBUG Exposed - CREATE TABLE IF NOT EXISTS LIKES (USER_ID INT, BOOK_ID INT, CONSTRAINT pk_Likes PRIMARY KEY (USER_ID, BOOK_ID), CONSTRAINT FK_LIKES_USER_ID__ID FOREIGN KEY (USER_ID) REFERENCES "USER"(ID) ON DELETE RESTRICT ON UPDATE RESTRICT, CONSTRAINT FK_LIKES_BOOK_ID__ID FOREIGN KEY (BOOK_ID) REFERENCES BOOK(ID) ON DELETE RESTRICT ON UPDATE RESTRICT)
2024-10-24 21:55:26.426 [Test worker] DEBUG Exposed - CREATE TABLE IF NOT EXISTS POST (ID INT AUTO_INCREMENT PRIMARY KEY, CONTENT VARCHAR(255) NOT NULL, "TIMESTAMP" BIGINT NOT NULL)
2024-10-24 21:55:26.447 [Test worker @coroutine#2] DEBUG Exposed - INSERT INTO BOOK (TITLE) VALUES ('Kotlin Programming')
2024-10-24 21:55:26.448 [Test worker @coroutine#2] DEBUG Exposed - INSERT INTO BOOK (TITLE) VALUES ('Ktor in Action')
2024-10-24 21:55:26.469 [Test worker @coroutine#1] TRACE i.ktor.client.plugins.HttpPlainText - Adding Accept-Charset=UTF-8 to http:///books
2024-10-24 21:55:26.483 [DefaultDispatcher-worker-1 @call-context#3] INFO  ktor.test - No ktor.deployment.watch patterns specified, automatic reload is not active.
2024-10-24 21:55:26.515 [DefaultDispatcher-worker-1 @call-context#3] INFO  ktor.test - Application started in 0.036 seconds.
2024-10-24 21:55:26.532 [DefaultDispatcher-worker-1 @request#3] TRACE io.ktor.routing.Routing - Trace for [books]
/, segment:0 -> SUCCESS @ /
  /posts, segment:0 -> FAILURE "Selector didn't match" @ /posts
  /books, segment:1 -> SUCCESS @ /books
    /books/(method:GET), segment:1 -> SUCCESS @ /books/(method:GET)
    /books/like, segment:1 -> FAILURE "Selector didn't match" @ /books/like
  /json, segment:0 -> FAILURE "Selector didn't match" @ /json
Matched routes:
  "" -> "books" -> "(method:GET)"
Route resolve result:
  SUCCESS @ /books/(method:GET)
2024-10-24 21:55:26.536 [DefaultDispatcher-worker-1 @coroutine#7] DEBUG Exposed - SELECT BOOK.TITLE FROM BOOK
2024-10-24 21:55:26.571 [Test worker @coroutine#1] TRACE i.k.client.plugins.HttpCallValidator - Validating response for request http://localhost/books
2024-10-24 21:55:26.571 [Test worker @coroutine#1] TRACE i.k.c.p.DefaultResponseValidation - Skipping default response validation for http://localhost/books
2024-10-24 21:55:26.578 [Test worker @coroutine#1] TRACE i.k.c.plugins.defaultTransformers - Transformed with default transformers response body for http://localhost/books to class io.ktor.utils.io.core.ByteReadPacket
2024-10-24 21:55:26.579 [Test worker @coroutine#1] TRACE i.k.c.plugins.defaultTransformers - Transformed with default transformers response body for http://localhost/books to class io.ktor.utils.io.core.ByteReadPacket
2024-10-24 21:55:26.582 [Test worker @coroutine#10] TRACE i.ktor.client.plugins.HttpPlainText - Adding Accept-Charset=UTF-8 to http:///
2024-10-24 21:55:26.582 [DefaultDispatcher-worker-2 @call-context#11] INFO  ktor.test - No ktor.deployment.watch patterns specified, automatic reload is not active.
2024-10-24 21:55:26.584 [DefaultDispatcher-worker-2 @call-context#11] INFO  ktor.test - Application started in 0.002 seconds.
2024-10-24 21:55:26.584 [DefaultDispatcher-worker-2 @request#11] TRACE io.ktor.routing.Routing - Trace for []
/, segment:0 -> SUCCESS @ /
  /, segment:0 -> SUCCESS @ /
    /(method:GET), segment:0 -> SUCCESS @ /(method:GET)
  /goodbye, segment:0 -> FAILURE "Selector didn't match" @ /goodbye
  /msd, segment:0 -> FAILURE "Selector didn't match" @ /msd
Matched routes:
  "" -> "<slash>" -> "(method:GET)"
Route resolve result:
  SUCCESS @ /(method:GET)
2024-10-24 21:55:26.586 [Test worker @coroutine#10] TRACE i.k.client.plugins.HttpCallValidator - Validating response for request http://localhost/
2024-10-24 21:55:26.586 [Test worker @coroutine#10] TRACE i.k.c.p.DefaultResponseValidation - Skipping default response validation for http://localhost/
2024-10-24 21:55:26.586 [Test worker @coroutine#10] TRACE i.k.c.plugins.defaultTransformers - Transformed with default transformers response body for http://localhost/ to class io.ktor.utils.io.core.ByteReadPacket
2024-10-24 21:55:26.588 [Test worker @coroutine#17] TRACE i.ktor.client.plugins.HttpPlainText - Adding Accept-Charset=UTF-8 to http:///posts
2024-10-24 21:55:26.588 [Test worker @coroutine#17] TRACE i.ktor.client.plugins.HttpPlainText - Sending request body to http:///posts as text/plain with charset UTF-8
2024-10-24 21:55:26.588 [Test worker @coroutine#17] TRACE i.k.c.plugins.defaultTransformers - Transformed with default transformers request body for http:///posts from class io.ktor.http.content.TextContent
2024-10-24 21:55:26.589 [DefaultDispatcher-worker-5 @call-context#18] INFO  ktor.test - No ktor.deployment.watch patterns specified, automatic reload is not active.
2024-10-24 21:55:26.589 [DefaultDispatcher-worker-5 @call-context#18] INFO  ktor.test - Application started in 0.0 seconds.
2024-10-24 21:55:26.590 [DefaultDispatcher-worker-5 @request#18] TRACE io.ktor.routing.Routing - Trace for [posts]
/, segment:0 -> SUCCESS @ /
  /posts, segment:1 -> SUCCESS @ /posts
    /posts/(method:POST), segment:1 -> SUCCESS @ /posts/(method:POST)
    /posts/(method:GET), segment:1 -> FAILURE "Selector didn't match" @ /posts/(method:GET)
    /posts/since, segment:1 -> FAILURE "Selector didn't match" @ /posts/since
    /posts/{id}, segment:1 -> FAILURE "Selector didn't match" @ /posts/{id}
  /books, segment:0 -> FAILURE "Selector didn't match" @ /books
Matched routes:
  "" -> "posts" -> "(method:POST)"
Route resolve result:
  SUCCESS @ /posts/(method:POST)
2024-10-24 21:55:26.594 [DefaultDispatcher-worker-5 @request#18] TRACE i.k.server.engine.DefaultTransform - No Default Transformations found for class io.ktor.utils.io.ByteBufferChannel and expected type TypeInfo(type=class io.ktor.utils.io.ByteReadChannel, reifiedType=interface io.ktor.utils.io.ByteReadChannel, kotlinType=io.ktor.utils.io.ByteReadChannel) for call /posts
2024-10-24 21:55:26.595 [DefaultDispatcher-worker-5 @request#18] DEBUG Exposed - INSERT INTO POST (CONTENT, "TIMESTAMP") VALUES ('Test post content', 1729828526594)
2024-10-24 21:55:26.596 [Test worker @coroutine#17] TRACE i.k.client.plugins.HttpCallValidator - Validating response for request http://localhost/posts
2024-10-24 21:55:26.596 [Test worker @coroutine#17] TRACE i.k.c.p.DefaultResponseValidation - Skipping default response validation for http://localhost/posts
2024-10-24 21:55:26.596 [Test worker @coroutine#17] TRACE i.ktor.client.plugins.HttpPlainText - Adding Accept-Charset=UTF-8 to http:///posts
2024-10-24 21:55:26.597 [DefaultDispatcher-worker-4 @request#24] TRACE io.ktor.routing.Routing - Trace for [posts]
/, segment:0 -> SUCCESS @ /
  /posts, segment:1 -> SUCCESS @ /posts
    /posts/(method:POST), segment:1 -> FAILURE "Selector didn't match" @ /posts/(method:POST)
    /posts/(method:GET), segment:1 -> SUCCESS @ /posts/(method:GET)
    /posts/since, segment:1 -> FAILURE "Selector didn't match" @ /posts/since
    /posts/{id}, segment:1 -> FAILURE "Selector didn't match" @ /posts/{id}
  /books, segment:0 -> FAILURE "Selector didn't match" @ /books
Matched routes:
  "" -> "posts" -> "(method:GET)"
Route resolve result:
  SUCCESS @ /posts/(method:GET)
2024-10-24 21:55:26.598 [DefaultDispatcher-worker-4 @request#25] DEBUG Exposed - SELECT POST.ID, POST.CONTENT, POST."TIMESTAMP" FROM POST
2024-10-24 21:55:26.600 [Test worker @coroutine#17] TRACE i.k.client.plugins.HttpCallValidator - Validating response for request http://localhost/posts
2024-10-24 21:55:26.600 [Test worker @coroutine#17] TRACE i.k.c.p.DefaultResponseValidation - Skipping default response validation for http://localhost/posts
2024-10-24 21:55:26.600 [Test worker @coroutine#17] TRACE i.k.c.plugins.defaultTransformers - Transformed with default transformers response body for http://localhost/posts to class io.ktor.utils.io.core.ByteReadPacket
2024-10-24 21:55:26.602 [Test worker @coroutine#29] DEBUG Exposed - INSERT INTO POST (CONTENT, "TIMESTAMP") VALUES ('Test post content', 1634554805000)
2024-10-24 21:55:26.602 [Test worker @coroutine#28] TRACE i.ktor.client.plugins.HttpPlainText - Adding Accept-Charset=UTF-8 to http:///posts/since?since=1634554800000
2024-10-24 21:55:26.603 [DefaultDispatcher-worker-2 @call-context#30] INFO  ktor.test - No ktor.deployment.watch patterns specified, automatic reload is not active.
2024-10-24 21:55:26.603 [DefaultDispatcher-worker-2 @call-context#30] INFO  ktor.test - Application started in 0.0 seconds.
2024-10-24 21:55:26.604 [DefaultDispatcher-worker-2 @request#30] TRACE io.ktor.routing.Routing - Trace for [posts, since]
/, segment:0 -> SUCCESS @ /
  /, segment:0 -> SUCCESS @ /
    /(method:GET), segment:0 -> FAILURE "Not all segments matched" @ /(method:GET)
  /goodbye, segment:0 -> FAILURE "Selector didn't match" @ /goodbye
  /msd, segment:0 -> FAILURE "Selector didn't match" @ /msd
  /posts, segment:1 -> SUCCESS @ /posts
    /posts/(method:POST), segment:1 -> FAILURE "Selector didn't match" @ /posts/(method:POST)
    /posts/(method:GET), segment:1 -> FAILURE "Not all segments matched" @ /posts/(method:GET)
    /posts/since, segment:2 -> SUCCESS @ /posts/since
      /posts/since/[since], segment:2 -> SUCCESS; Parameters [since=[1634554800000]] @ /posts/since/[since]
        /posts/since/[since]/(method:GET), segment:2 -> SUCCESS @ /posts/since/[since]/(method:GET)
    /posts/{id}, segment:1 -> FAILURE "Better match was already found" @ /posts/{id}
  /books, segment:0 -> FAILURE "Selector didn't match" @ /books
Matched routes:
  "" -> "posts" -> "since" -> "[since]" -> "(method:GET)"
Route resolve result:
  SUCCESS; Parameters [since=[1634554800000]] @ /posts/since/[since]/(method:GET)
2024-10-24 21:55:26.608 [DefaultDispatcher-worker-2 @request#34] DEBUG Exposed - SELECT POST.ID, POST.CONTENT, POST."TIMESTAMP" FROM POST WHERE POST."TIMESTAMP" >= 1634554800000
2024-10-24 21:55:26.609 [Test worker @coroutine#28] TRACE i.k.client.plugins.HttpCallValidator - Validating response for request http://localhost/posts/since?since=1634554800000
2024-10-24 21:55:26.609 [Test worker @coroutine#28] TRACE i.k.c.p.DefaultResponseValidation - Skipping default response validation for http://localhost/posts/since?since=1634554800000
2024-10-24 21:55:26.609 [Test worker @coroutine#28] TRACE i.k.c.plugins.defaultTransformers - Transformed with default transformers response body for http://localhost/posts/since?since=1634554800000 to class io.ktor.utils.io.core.ByteReadPacket
ID: 1, Content: Test post content, Timestamp: 1729828526594
ID: 2, Content: Test post content, Timestamp: 1634554805000
2024-10-24 21:55:26.611 [Test worker @coroutine#37] TRACE i.ktor.client.plugins.HttpPlainText - Adding Accept-Charset=UTF-8 to http:///posts
2024-10-24 21:55:26.611 [Test worker @coroutine#37] TRACE i.ktor.client.plugins.HttpPlainText - Sending request body to http:///posts as text/plain with charset UTF-8
2024-10-24 21:55:26.611 [Test worker @coroutine#37] TRACE i.k.c.plugins.defaultTransformers - Transformed with default transformers request body for http:///posts from class io.ktor.http.content.TextContent
2024-10-24 21:55:26.612 [DefaultDispatcher-worker-1 @call-context#38] INFO  ktor.test - No ktor.deployment.watch patterns specified, automatic reload is not active.
2024-10-24 21:55:26.612 [DefaultDispatcher-worker-1 @call-context#38] INFO  ktor.test - Application started in 0.001 seconds.
2024-10-24 21:55:26.612 [DefaultDispatcher-worker-1 @request#38] TRACE io.ktor.routing.Routing - Trace for [posts]
/, segment:0 -> SUCCESS @ /
  /posts, segment:1 -> SUCCESS @ /posts
    /posts/(method:POST), segment:1 -> SUCCESS @ /posts/(method:POST)
    /posts/(method:GET), segment:1 -> FAILURE "Selector didn't match" @ /posts/(method:GET)
    /posts/since, segment:1 -> FAILURE "Selector didn't match" @ /posts/since
    /posts/{id}, segment:1 -> FAILURE "Selector didn't match" @ /posts/{id}
  /books, segment:0 -> FAILURE "Selector didn't match" @ /books
Matched routes:
  "" -> "posts" -> "(method:POST)"
Route resolve result:
  SUCCESS @ /posts/(method:POST)
2024-10-24 21:55:26.613 [DefaultDispatcher-worker-1 @request#38] TRACE i.k.server.engine.DefaultTransform - No Default Transformations found for class io.ktor.utils.io.ByteBufferChannel and expected type TypeInfo(type=class io.ktor.utils.io.ByteReadChannel, reifiedType=interface io.ktor.utils.io.ByteReadChannel, kotlinType=io.ktor.utils.io.ByteReadChannel) for call /posts
2024-10-24 21:55:26.614 [DefaultDispatcher-worker-1 @request#38] DEBUG Exposed - INSERT INTO POST (CONTENT, "TIMESTAMP") VALUES ('This is a test post', 1729828526613)
2024-10-24 21:55:26.614 [Test worker @coroutine#37] TRACE i.k.client.plugins.HttpCallValidator - Validating response for request http://localhost/posts
2024-10-24 21:55:26.614 [Test worker @coroutine#37] TRACE i.k.c.p.DefaultResponseValidation - Skipping default response validation for http://localhost/posts
2024-10-24 21:55:26.615 [Test worker @coroutine#37] TRACE i.k.c.plugins.defaultTransformers - Transformed with default transformers response body for http://localhost/posts to class io.ktor.utils.io.core.ByteReadPacket
2024-10-24 21:55:26.616 [Test worker @coroutine#45] DEBUG Exposed - INSERT INTO POST (CONTENT, "TIMESTAMP") VALUES ('This is a test post', 1729828526616)
2024-10-24 21:55:26.617 [Test worker @coroutine#44] TRACE i.ktor.client.plugins.HttpPlainText - Adding Accept-Charset=UTF-8 to http:///posts/4
2024-10-24 21:55:26.617 [DefaultDispatcher-worker-1 @call-context#46] INFO  ktor.test - No ktor.deployment.watch patterns specified, automatic reload is not active.
2024-10-24 21:55:26.618 [DefaultDispatcher-worker-1 @call-context#46] INFO  ktor.test - Application started in 0.001 seconds.
2024-10-24 21:55:26.618 [DefaultDispatcher-worker-1 @request#46] TRACE io.ktor.routing.Routing - Trace for [posts, 4]
/, segment:0 -> SUCCESS @ /
  /posts, segment:1 -> SUCCESS @ /posts
    /posts/(method:POST), segment:1 -> FAILURE "Selector didn't match" @ /posts/(method:POST)
    /posts/(method:GET), segment:1 -> FAILURE "Selector didn't match" @ /posts/(method:GET)
    /posts/since, segment:1 -> FAILURE "Selector didn't match" @ /posts/since
    /posts/{id}, segment:2 -> SUCCESS; Parameters [id=[4]] @ /posts/{id}
      /posts/{id}/(method:GET), segment:2 -> FAILURE "Selector didn't match" @ /posts/{id}/(method:GET)
      /posts/{id}/(method:DELETE), segment:2 -> SUCCESS @ /posts/{id}/(method:DELETE)
  /books, segment:0 -> FAILURE "Selector didn't match" @ /books
Matched routes:
  "" -> "posts" -> "{id}" -> "(method:DELETE)"
Route resolve result:
  SUCCESS; Parameters [id=[4]] @ /posts/{id}/(method:DELETE)
2024-10-24 21:55:26.620 [DefaultDispatcher-worker-1 @request#50] DEBUG Exposed - DELETE FROM POST WHERE POST.ID = 4
2024-10-24 21:55:26.622 [Test worker @coroutine#44] TRACE i.k.client.plugins.HttpCallValidator - Validating response for request http://localhost/posts/4
2024-10-24 21:55:26.622 [Test worker @coroutine#44] TRACE i.k.c.p.DefaultResponseValidation - Skipping default response validation for http://localhost/posts/4
2024-10-24 21:55:26.622 [Test worker @coroutine#44] TRACE i.k.c.plugins.defaultTransformers - Transformed with default transformers response body for http://localhost/posts/4 to class io.ktor.utils.io.core.ByteReadPacket
2024-10-24 21:55:26.624 [Test worker @coroutine#54] DEBUG Exposed - INSERT INTO BOOK (TITLE) VALUES ('Likeable Book')
2024-10-24 21:55:26.625 [Test worker @coroutine#55] DEBUG Exposed - INSERT INTO "USER"  DEFAULT VALUES
2024-10-24 21:55:26.627 [Test worker @coroutine#53] TRACE i.ktor.client.plugins.HttpPlainText - Adding Accept-Charset=UTF-8 to http:///books/like?userID=1
2024-10-24 21:55:26.627 [Test worker @coroutine#53] TRACE i.k.c.plugins.defaultTransformers - Transformed with default transformers request body for http:///books/like?userID=1 from class kotlin.String
2024-10-24 21:55:26.627 [DefaultDispatcher-worker-2 @call-context#56] INFO  ktor.test - No ktor.deployment.watch patterns specified, automatic reload is not active.
2024-10-24 21:55:26.628 [DefaultDispatcher-worker-2 @call-context#56] INFO  ktor.test - Application started in 0.001 seconds.
2024-10-24 21:55:26.628 [DefaultDispatcher-worker-2 @request#56] TRACE io.ktor.routing.Routing - Trace for [books, like]
/, segment:0 -> SUCCESS @ /
  /posts, segment:0 -> FAILURE "Selector didn't match" @ /posts
  /books, segment:1 -> SUCCESS @ /books
    /books/(method:GET), segment:1 -> FAILURE "Selector didn't match" @ /books/(method:GET)
    /books/like, segment:2 -> SUCCESS @ /books/like
      /books/like/[title?], segment:2 -> SUCCESS @ /books/like/[title?]
        /books/like/[title?]/(method:POST), segment:2 -> SUCCESS @ /books/like/[title?]/(method:POST)
  /json, segment:0 -> FAILURE "Selector didn't match" @ /json
Matched routes:
  "" -> "books" -> "like" -> "[title?]" -> "(method:POST)"
Route resolve result:
  SUCCESS @ /books/like/[title?]/(method:POST)
2024-10-24 21:55:26.630 [DefaultDispatcher-worker-2 @request#56] TRACE i.k.server.engine.DefaultTransform - No Default Transformations found for class io.ktor.utils.io.ByteBufferChannel and expected type TypeInfo(type=class edu.msd.BookPostData, reifiedType=class edu.msd.BookPostData, kotlinType=edu.msd.BookPostData) for call /books/like?userID=1
2024-10-24 21:55:26.635 [DefaultDispatcher-worker-2 @coroutine#60] DEBUG Exposed - SELECT BOOK.ID, BOOK.TITLE FROM BOOK WHERE BOOK.TITLE = 'Likeable Book'
2024-10-24 21:55:26.636 [DefaultDispatcher-worker-2 @coroutine#60] DEBUG Exposed - INSERT IGNORE INTO LIKES (BOOK_ID, USER_ID) VALUES (3, 1)
2024-10-24 21:55:26.636 [DefaultDispatcher-worker-2 @request#56] TRACE i.k.s.p.c.ContentNegotiation - Skipping because body is already converted.
2024-10-24 21:55:26.637 [Test worker @coroutine#53] TRACE i.k.client.plugins.HttpCallValidator - Validating response for request http://localhost/books/like?userID=1
2024-10-24 21:55:26.637 [Test worker @coroutine#53] TRACE i.k.c.p.DefaultResponseValidation - Skipping default response validation for http://localhost/books/like?userID=1
2024-10-24 21:55:26.637 [Test worker @coroutine#53] TRACE i.k.c.plugins.defaultTransformers - Transformed with default transformers response body for http://localhost/books/like?userID=1 to class io.ktor.utils.io.core.ByteReadPacket
]]></system-out>
  <system-err><![CDATA[]]></system-err>
</testsuite>
